<?xml version="1.0" encoding="UTF-8"?>
<job xmlns="urn:proactive:jobdescriptor:dev" xmlns:xsi="http://www.w3.org/2001/XMLSchema-instance"
     xsi:schemaLocation="urn:proactive:jobdescriptor:dev ../../src/scheduler/src/org/ow2/proactive/scheduler/common/xml/schemas/jobdescriptor/dev/schedulerjob.xsd"
     name="test-compute-create" priority="normal" cancelJobOnError="true">
    <variables>
        <variable name="occi.core.id"/>
        <variable name="iaas.provider.api.gateway.addons.dir"/>
    </variables>

    <jobClasspath>
        <pathElement path="${iaas.provider.api.gateway.addons.dir}/commons-codec-1.6.jar"/>
        <pathElement path="${iaas.provider.api.gateway.addons.dir}/commons-io-1.3.2.jar"/>
        <pathElement path="${iaas.provider.api.gateway.addons.dir}/commons-lang-2.6.jar"/>
        <pathElement path="${iaas.provider.api.gateway.addons.dir}/commons-logging-1.1.1.jar"/>
        <pathElement path="${iaas.provider.api.gateway.addons.dir}/connectors-3.5.0-SNAPSHOT.jar"/>
        <pathElement path="${iaas.provider.api.gateway.addons.dir}/httpclient-4.2.1.jar"/>
        <pathElement path="${iaas.provider.api.gateway.addons.dir}/httpcore-4.2.1.jar"/>
        <pathElement path="${iaas.provider.api.gateway.addons.dir}/iaas-api-3.5.0-SNAPSHOT.jar"/>
        <pathElement path="${iaas.provider.api.gateway.addons.dir}/json-path-0.9.1.jar"/>
        <pathElement path="${iaas.provider.api.gateway.addons.dir}/json-smart-1.1.1.jar"/>
        <pathElement path="${iaas.provider.api.gateway.addons.dir}/monitoring-3.5.0-SNAPSHOT.jar"/>
        <pathElement path="${iaas.provider.api.gateway.addons.dir}/nova-3.5.0-SNAPSHOT.jar"/>
        <pathElement path="${iaas.provider.api.gateway.addons.dir}/occi-1.0-SNAPSHOT.jar"/>
        <pathElement path="${iaas.provider.api.gateway.addons.dir}/workflow-catalog-1.0-SNAPSHOT.jar"/>
    </jobClasspath>

    <genericInformation>
        <info name="category" value="compute"/>
        <info name="operation" value="create"/>
        <info name="action" value="start"/>
        <info name="provider" value="test"/>
    </genericInformation>

    <taskFlow>

        <task name="deploy-vm">
            <scriptExecutable>
                <script >
                    <code language="groovy">
                        <![CDATA[

import net.minidev.json.JSONObject
import java.util.UUID

def json = new net.minidev.json.JSONObject();
json.put("occi.compute.vendor.uuid", UUID.randomUUID())
json.put("occi.compute.state", "up")

json.put("occi.networkinterface.address", "10.0.0.1")
json.put("occi.compute.hostname", "pepe")
json.put("occi.compute.organization.name", "pepe")
json.put("action.state", "done")
json.put("occi.compute.state", "up")
json.put("occi.paas.application.endpoints", "9200")

result = json.toJSONString()
println result

]]>
                    </code>
                </script>
            </scriptExecutable>
        </task>

    </taskFlow>

</job>
